-- Found ament_cmake: 0.9.12 (/opt/ros/foxy/share/ament_cmake/cmake)
-- Found PythonInterp: /usr/bin/python3 (found suitable version "3.8.10", minimum required is "3") 
-- Using PYTHON_EXECUTABLE: /usr/bin/python3
-- Override CMake install command with custom implementation using symlinks instead of copying resources
-- Found rclcpp: 2.4.3 (/opt/ros/foxy/share/rclcpp/cmake)
-- Using all available rosidl_typesupport_c: rosidl_typesupport_fastrtps_c;rosidl_typesupport_introspection_c
-- Found rosidl_adapter: 1.3.1 (/opt/ros/foxy/share/rosidl_adapter/cmake)
-- Using all available rosidl_typesupport_cpp: rosidl_typesupport_fastrtps_cpp;rosidl_typesupport_introspection_cpp
-- Found rmw_implementation_cmake: 1.0.4 (/opt/ros/foxy/share/rmw_implementation_cmake/cmake)
-- Using RMW implementation 'rmw_fastrtps_cpp' as default
-- Found rosidl_default_generators: 1.0.1 (/opt/ros/foxy/share/rosidl_default_generators/cmake)
-- Found PythonInterp: /usr/bin/python3 (found version "3.8.10") 
-- Found ament_cmake_ros: 0.9.2 (/opt/ros/foxy/share/ament_cmake_ros/cmake)
-- Using all available rosidl_typesupport_c: rosidl_typesupport_fastrtps_c;rosidl_typesupport_introspection_c
-- Using all available rosidl_typesupport_cpp: rosidl_typesupport_fastrtps_cpp;rosidl_typesupport_introspection_cpp
-- Found PythonInterp: /usr/bin/python3 (found suitable version "3.8.10", minimum required is "3.5") 
-- Found python_cmake_module: 0.8.1 (/opt/ros/foxy/share/python_cmake_module/cmake)
-- Using PYTHON_EXECUTABLE: /usr/bin/python3
-- Using PYTHON_INCLUDE_DIRS: /usr/include/python3.8
-- Using PYTHON_LIBRARIES: /usr/lib/x86_64-linux-gnu/libpython3.8.so
-- Configuring done
-- Generating done
-- Build files have been written to: /root/ros2_ws/build/pass
[35m[1mScanning dependencies of target navigation[0m
[35m[1mScanning dependencies of target control[0m
[35m[1mScanning dependencies of target guidance[0m
[35m[1mScanning dependencies of target pass__cpp[0m
[  2%] [34m[1mGenerating C code for ROS interfaces[0m
[  5%] [34m[1mGenerating C++ code for ROS interfaces[0m
[  8%] [32mBuilding CXX object CMakeFiles/control.dir/src/control.cpp.o[0m
[ 10%] [32mBuilding CXX object CMakeFiles/navigation.dir/src/navigation.cpp.o[0m
[ 13%] [32mBuilding CXX object CMakeFiles/guidance.dir/src/guidance.cpp.o[0m
[ 13%] Built target pass__cpp
[ 16%] [34m[1mGenerating C++ introspection for ROS interfaces[0m
[ 18%] [34m[1mGenerating C++ type support for eProsima Fast-RTPS[0m
[ 21%] [34m[1mGenerating C++ type support dispatch for ROS interfaces[0m
[35m[1mScanning dependencies of target pass__rosidl_generator_c[0m
[ 24%] [32mBuilding C object CMakeFiles/pass__rosidl_generator_c.dir/rosidl_generator_c/pass/msg/detail/thruster_command__functions.c.o[0m
[01m[K/root/ros2_ws/src/pass/src/control.cpp:2:10:[m[K [01;31m[Kfatal error: [m[Kpass/msg/ThrusterCommand.hpp: No such file or directory
    2 | #include [01;31m[K"pass/msg/ThrusterCommand.hpp"[m[K  // custom message include
      |          [01;31m[K^~~~~~~~~~~~~~~~~~~~~~~~~~~~~~[m[K
compilation terminated.
make[2]: *** [CMakeFiles/control.dir/build.make:63: CMakeFiles/control.dir/src/control.cpp.o] Error 1
make[1]: *** [CMakeFiles/Makefile2:181: CMakeFiles/control.dir/all] Error 2
make[1]: *** Waiting for unfinished jobs....
[ 27%] [32m[1mLinking C shared library libpass__rosidl_generator_c.so[0m
[ 27%] Built target pass__rosidl_generator_c
[35m[1mScanning dependencies of target pass__rosidl_typesupport_cpp[0m
[35m[1mScanning dependencies of target pass__rosidl_typesupport_fastrtps_cpp[0m
[ 29%] [32mBuilding CXX object CMakeFiles/pass__rosidl_typesupport_cpp.dir/rosidl_typesupport_cpp/pass/msg/thruster_command__type_support.cpp.o[0m
[ 32%] [32mBuilding CXX object CMakeFiles/pass__rosidl_typesupport_fastrtps_cpp.dir/rosidl_typesupport_fastrtps_cpp/pass/msg/detail/dds_fastrtps/thruster_command__type_support.cpp.o[0m
[35m[1mScanning dependencies of target pass__rosidl_typesupport_introspection_cpp[0m
[ 35%] [32mBuilding CXX object CMakeFiles/pass__rosidl_typesupport_introspection_cpp.dir/rosidl_typesupport_introspection_cpp/pass/msg/detail/thruster_command__type_support.cpp.o[0m
[ 37%] [32m[1mLinking CXX shared library libpass__rosidl_typesupport_cpp.so[0m
[ 40%] [32m[1mLinking CXX shared library libpass__rosidl_typesupport_introspection_cpp.so[0m
[ 40%] Built target pass__rosidl_typesupport_cpp
[ 40%] Built target pass__rosidl_typesupport_introspection_cpp
[ 43%] [32m[1mLinking CXX shared library libpass__rosidl_typesupport_fastrtps_cpp.so[0m
[ 43%] Built target pass__rosidl_typesupport_fastrtps_cpp
[ 45%] [32m[1mLinking CXX executable guidance[0m
[ 45%] Built target guidance
[ 48%] [32m[1mLinking CXX executable navigation[0m
[ 48%] Built target navigation
make: *** [Makefile:141: all] Error 2
