[0.018s] Invoking command in '/root/ros2_ws/build/pass': CMAKE_PREFIX_PATH=/opt/ros/foxy: /usr/bin/cmake /root/ros2_ws/src/pass -DAMENT_CMAKE_SYMLINK_INSTALL=1 -DCMAKE_INSTALL_PREFIX=/root/ros2_ws/install/pass
[0.026s] -- Found ament_cmake: 0.9.12 (/opt/ros/foxy/share/ament_cmake/cmake)
[0.042s] -- Found PythonInterp: /usr/bin/python3 (found suitable version "3.8.10", minimum required is "3") 
[0.042s] -- Using PYTHON_EXECUTABLE: /usr/bin/python3
[0.163s] -- Override CMake install command with custom implementation using symlinks instead of copying resources
[0.168s] -- Found rclcpp: 2.4.3 (/opt/ros/foxy/share/rclcpp/cmake)
[0.194s] -- Using all available rosidl_typesupport_c: rosidl_typesupport_fastrtps_c;rosidl_typesupport_introspection_c
[0.197s] -- Found rosidl_adapter: 1.3.1 (/opt/ros/foxy/share/rosidl_adapter/cmake)
[0.302s] -- Using all available rosidl_typesupport_cpp: rosidl_typesupport_fastrtps_cpp;rosidl_typesupport_introspection_cpp
[0.340s] -- Found rmw_implementation_cmake: 1.0.4 (/opt/ros/foxy/share/rmw_implementation_cmake/cmake)
[0.341s] -- Using RMW implementation 'rmw_fastrtps_cpp' as default
[0.451s] -- Found rosidl_default_generators: 1.0.1 (/opt/ros/foxy/share/rosidl_default_generators/cmake)
[0.474s] -- Found PythonInterp: /usr/bin/python3 (found version "3.8.10") 
[0.583s] -- Found ament_cmake_ros: 0.9.2 (/opt/ros/foxy/share/ament_cmake_ros/cmake)
[0.732s] -- Using all available rosidl_typesupport_c: rosidl_typesupport_fastrtps_c;rosidl_typesupport_introspection_c
[0.780s] -- Using all available rosidl_typesupport_cpp: rosidl_typesupport_fastrtps_cpp;rosidl_typesupport_introspection_cpp
[0.797s] -- Found PythonInterp: /usr/bin/python3 (found suitable version "3.8.10", minimum required is "3.5") 
[0.798s] -- Found python_cmake_module: 0.8.1 (/opt/ros/foxy/share/python_cmake_module/cmake)
[0.815s] -- Using PYTHON_EXECUTABLE: /usr/bin/python3
[0.816s] -- Using PYTHON_INCLUDE_DIRS: /usr/include/python3.8
[0.816s] -- Using PYTHON_LIBRARIES: /usr/lib/x86_64-linux-gnu/libpython3.8.so
[0.870s] -- Configuring done
[0.949s] -- Generating done
[0.952s] -- Build files have been written to: /root/ros2_ws/build/pass
[0.957s] Invoked command in '/root/ros2_ws/build/pass' returned '0': CMAKE_PREFIX_PATH=/opt/ros/foxy: /usr/bin/cmake /root/ros2_ws/src/pass -DAMENT_CMAKE_SYMLINK_INSTALL=1 -DCMAKE_INSTALL_PREFIX=/root/ros2_ws/install/pass
[0.960s] Invoking command in '/root/ros2_ws/build/pass': CMAKE_PREFIX_PATH=/opt/ros/foxy: /usr/bin/cmake --build /root/ros2_ws/build/pass -- -j12 -l12
[0.993s] [35m[1mScanning dependencies of target navigation[0m
[0.993s] [35m[1mScanning dependencies of target control[0m
[0.993s] [35m[1mScanning dependencies of target guidance[0m
[0.993s] [35m[1mScanning dependencies of target pass__cpp[0m
[0.994s] [  2%] [34m[1mGenerating C code for ROS interfaces[0m
[1.003s] [  5%] [34m[1mGenerating C++ code for ROS interfaces[0m
[1.097s] [  8%] [32mBuilding CXX object CMakeFiles/control.dir/src/control.cpp.o[0m
[1.100s] [ 10%] [32mBuilding CXX object CMakeFiles/navigation.dir/src/navigation.cpp.o[0m
[1.100s] [ 13%] [32mBuilding CXX object CMakeFiles/guidance.dir/src/guidance.cpp.o[0m
[1.191s] [ 13%] Built target pass__cpp
[1.204s] [ 16%] [34m[1mGenerating C++ introspection for ROS interfaces[0m
[1.205s] [ 18%] [34m[1mGenerating C++ type support for eProsima Fast-RTPS[0m
[1.206s] [ 21%] [34m[1mGenerating C++ type support dispatch for ROS interfaces[0m
[1.213s] [35m[1mScanning dependencies of target pass__rosidl_generator_c[0m
[1.229s] [ 24%] [32mBuilding C object CMakeFiles/pass__rosidl_generator_c.dir/rosidl_generator_c/pass/msg/detail/thruster_command__functions.c.o[0m
[1.341s] [01m[K/root/ros2_ws/src/pass/src/control.cpp:2:10:[m[K [01;31m[Kfatal error: [m[Kpass/msg/ThrusterCommand.hpp: No such file or directory
[1.341s]     2 | #include [01;31m[K"pass/msg/ThrusterCommand.hpp"[m[K  // custom message include
[1.342s]       |          [01;31m[K^~~~~~~~~~~~~~~~~~~~~~~~~~~~~~[m[K
[1.342s] compilation terminated.
[1.344s] make[2]: *** [CMakeFiles/control.dir/build.make:63: CMakeFiles/control.dir/src/control.cpp.o] Error 1
[1.344s] make[1]: *** [CMakeFiles/Makefile2:181: CMakeFiles/control.dir/all] Error 2
[1.345s] make[1]: *** Waiting for unfinished jobs....
[1.347s] [ 27%] [32m[1mLinking C shared library libpass__rosidl_generator_c.so[0m
[1.401s] [ 27%] Built target pass__rosidl_generator_c
[1.407s] [35m[1mScanning dependencies of target pass__rosidl_typesupport_cpp[0m
[1.408s] [35m[1mScanning dependencies of target pass__rosidl_typesupport_fastrtps_cpp[0m
[1.425s] [ 29%] [32mBuilding CXX object CMakeFiles/pass__rosidl_typesupport_cpp.dir/rosidl_typesupport_cpp/pass/msg/thruster_command__type_support.cpp.o[0m
[1.428s] [ 32%] [32mBuilding CXX object CMakeFiles/pass__rosidl_typesupport_fastrtps_cpp.dir/rosidl_typesupport_fastrtps_cpp/pass/msg/detail/dds_fastrtps/thruster_command__type_support.cpp.o[0m
[1.448s] [35m[1mScanning dependencies of target pass__rosidl_typesupport_introspection_cpp[0m
[1.465s] [ 35%] [32mBuilding CXX object CMakeFiles/pass__rosidl_typesupport_introspection_cpp.dir/rosidl_typesupport_introspection_cpp/pass/msg/detail/thruster_command__type_support.cpp.o[0m
[1.737s] [ 37%] [32m[1mLinking CXX shared library libpass__rosidl_typesupport_cpp.so[0m
[1.753s] [ 40%] [32m[1mLinking CXX shared library libpass__rosidl_typesupport_introspection_cpp.so[0m
[1.776s] [ 40%] Built target pass__rosidl_typesupport_cpp
[1.791s] [ 40%] Built target pass__rosidl_typesupport_introspection_cpp
[1.809s] [ 43%] [32m[1mLinking CXX shared library libpass__rosidl_typesupport_fastrtps_cpp.so[0m
[1.894s] [ 43%] Built target pass__rosidl_typesupport_fastrtps_cpp
[4.068s] [ 45%] [32m[1mLinking CXX executable guidance[0m
[4.208s] [ 45%] Built target guidance
[5.369s] [ 48%] [32m[1mLinking CXX executable navigation[0m
[5.532s] [ 48%] Built target navigation
[5.533s] make: *** [Makefile:141: all] Error 2
[5.535s] Invoked command in '/root/ros2_ws/build/pass' returned '2': CMAKE_PREFIX_PATH=/opt/ros/foxy: /usr/bin/cmake --build /root/ros2_ws/build/pass -- -j12 -l12
