[0.021s] Invoking command in '/root/ros2_ws/build/pass': CMAKE_PREFIX_PATH=/opt/ros/foxy: /usr/bin/cmake --build /root/ros2_ws/build/pass -- -j12 -l12
[0.059s] [35m[1mScanning dependencies of target control[0m
[0.068s] [  2%] Built target pass__cpp
[0.071s] [ 10%] Built target pass__rosidl_generator_c
[0.079s] [ 16%] Built target navigation
[0.079s] [ 21%] Built target guidance
[0.086s] [ 24%] [34m[1mGenerating C introspection for ROS interfaces[0m
[0.086s] [ 27%] [34m[1mGenerating C type support dispatch for ROS interfaces[0m
[0.092s] [ 29%] [32mBuilding CXX object CMakeFiles/control.dir/src/control.cpp.o[0m
[0.094s] [ 37%] Built target pass__rosidl_typesupport_cpp
[0.099s] [ 54%] Built target pass__rosidl_typesupport_introspection_cpp
[0.099s] [ 54%] Built target pass__rosidl_typesupport_fastrtps_cpp
[0.113s] [ 56%] [34m[1mGenerating C type support for eProsima Fast-RTPS[0m
[0.193s] [01m[K/root/ros2_ws/src/pass/src/control.cpp:2:10:[m[K [01;31m[Kfatal error: [m[K/root/ros2_ws/src/pass/msg/ThrusterCommand.hpp: No such file or directory
[0.193s]     2 | #include [01;31m[K"/root/ros2_ws/src/pass/msg/ThrusterCommand.hpp"[m[K  // custom message include
[0.193s]       |          [01;31m[K^~~~~~~~~~~~~~~~~~~~~~~~~~~~~~~~~~~~~~~~~~~~~~~~[m[K
[0.193s] compilation terminated.
[0.195s] make[2]: *** [CMakeFiles/control.dir/build.make:63: CMakeFiles/control.dir/src/control.cpp.o] Error 1
[0.196s] make[1]: *** [CMakeFiles/Makefile2:181: CMakeFiles/control.dir/all] Error 2
[0.196s] make[1]: *** Waiting for unfinished jobs....
[0.277s] [35m[1mScanning dependencies of target pass__rosidl_typesupport_c[0m
[0.279s] [35m[1mScanning dependencies of target pass__rosidl_typesupport_introspection_c[0m
[0.290s] [ 59%] [32mBuilding CXX object CMakeFiles/pass__rosidl_typesupport_c.dir/rosidl_typesupport_c/pass/msg/thruster_command__type_support.cpp.o[0m
[0.293s] [ 62%] [32mBuilding C object CMakeFiles/pass__rosidl_typesupport_introspection_c.dir/rosidl_typesupport_introspection_c/pass/msg/detail/thruster_command__type_support.c.o[0m
[0.318s] [35m[1mScanning dependencies of target pass__rosidl_typesupport_fastrtps_c[0m
[0.319s] [ 64%] [32m[1mLinking CXX shared library libpass__rosidl_typesupport_c.so[0m
[0.325s] [ 67%] [32m[1mLinking C shared library libpass__rosidl_typesupport_introspection_c.so[0m
[0.333s] [ 70%] [32mBuilding CXX object CMakeFiles/pass__rosidl_typesupport_fastrtps_c.dir/rosidl_typesupport_fastrtps_c/pass/msg/detail/thruster_command__type_support_c.cpp.o[0m
[0.353s] [ 70%] Built target pass__rosidl_typesupport_introspection_c
[0.355s] [ 70%] Built target pass__rosidl_typesupport_c
[0.609s] [ 72%] [32m[1mLinking CXX shared library libpass__rosidl_typesupport_fastrtps_c.so[0m
[0.687s] [ 72%] Built target pass__rosidl_typesupport_fastrtps_c
[0.688s] make: *** [Makefile:141: all] Error 2
[0.689s] Invoked command in '/root/ros2_ws/build/pass' returned '2': CMAKE_PREFIX_PATH=/opt/ros/foxy: /usr/bin/cmake --build /root/ros2_ws/build/pass -- -j12 -l12
