[01m[K/root/ros2_ws/src/pass/src/control.cpp:2:10:[m[K [01;31m[Kfatal error: [m[K/root/ros2_ws/src/pass/msg/thruster_command.hpp: No such file or directory
    2 | #include [01;31m[K"/root/ros2_ws/src/pass/msg/thruster_command.hpp"[m[K  // custom message include
      |          [01;31m[K^~~~~~~~~~~~~~~~~~~~~~~~~~~~~~~~~~~~~~~~~~~~~~~~~[m[K
compilation terminated.
make[2]: *** [CMakeFiles/control.dir/build.make:63: CMakeFiles/control.dir/src/control.cpp.o] Error 1
make[1]: *** [CMakeFiles/Makefile2:181: CMakeFiles/control.dir/all] Error 2
make[1]: *** Waiting for unfinished jobs....
make: *** [Makefile:141: all] Error 2
