[0.020s] Invoking command in '/root/ros2_ws/build/pass': CMAKE_PREFIX_PATH=/opt/ros/foxy: /usr/bin/cmake --build /root/ros2_ws/build/pass -- -j12 -l12
[0.055s] [35m[1mScanning dependencies of target control[0m
[0.063s] [  2%] Built target pass__cpp
[0.064s] [ 10%] Built target pass__rosidl_generator_c
[0.077s] [ 16%] Built target navigation
[0.077s] [ 21%] Built target guidance
[0.082s] [ 24%] [32mBuilding CXX object CMakeFiles/control.dir/src/control.cpp.o[0m
[0.086s] [ 37%] Built target pass__rosidl_typesupport_cpp
[0.086s] [ 40%] Built target pass__rosidl_typesupport_c
[0.087s] [ 48%] Built target pass__rosidl_typesupport_introspection_cpp
[0.087s] [ 56%] Built target pass__rosidl_typesupport_introspection_c
[0.089s] [ 64%] Built target pass__rosidl_typesupport_fastrtps_cpp
[0.113s] [ 72%] Built target pass__rosidl_typesupport_fastrtps_c
[0.122s] [35m[1mScanning dependencies of target pass[0m
[0.133s] [ 72%] Built target pass
[0.142s] [35m[1mScanning dependencies of target pass__py[0m
[0.152s] [ 75%] [34m[1mGenerating Python code for ROS interfaces[0m
[0.164s] [01m[K/root/ros2_ws/src/pass/src/control.cpp:2:10:[m[K [01;31m[Kfatal error: [m[K/root/ros2_ws/src/pass/msg/thruster_command.hpp: No such file or directory
[0.164s]     2 | #include [01;31m[K"/root/ros2_ws/src/pass/msg/thruster_command.hpp"[m[K  // custom message include
[0.164s]       |          [01;31m[K^~~~~~~~~~~~~~~~~~~~~~~~~~~~~~~~~~~~~~~~~~~~~~~~~[m[K
[0.164s] compilation terminated.
[0.165s] make[2]: *** [CMakeFiles/control.dir/build.make:63: CMakeFiles/control.dir/src/control.cpp.o] Error 1
[0.165s] make[1]: *** [CMakeFiles/Makefile2:181: CMakeFiles/control.dir/all] Error 2
[0.165s] make[1]: *** Waiting for unfinished jobs....
[0.505s] [ 75%] Built target pass__py
[0.506s] make: *** [Makefile:141: all] Error 2
[0.509s] Invoked command in '/root/ros2_ws/build/pass' returned '2': CMAKE_PREFIX_PATH=/opt/ros/foxy: /usr/bin/cmake --build /root/ros2_ws/build/pass -- -j12 -l12
